<?xml version="1.0" encoding="UTF-8"?>
<configuration>
    <configKey>wohoo-node</configKey>
</configuration>